<?xml version="1.0" encoding="UTF-8"?>
<!-- Generated by org.testng.reporters.JUnitReportReporter -->
<testsuite skipped="0" hostname="LAPTOP-T8V1FV5L" name="lab8.lab8_1_2" tests="1" failures="0" timestamp="2021-02-17T17:23:00 IST" time="11.039" errors="0">
  <testcase name="launch1" time="11.039" classname="lab8.lab8_1_2"/>
  <system-out/>
</testsuite> <!-- lab8.lab8_1_2 -->
