<?xml version="1.0" encoding="UTF-8"?>
<!-- Generated by org.testng.reporters.JUnitReportReporter -->
<testsuite skipped="0" hostname="LAPTOP-T8V1FV5L" name="lab6.lab6_2" tests="2" failures="0" timestamp="2021-02-17T17:06:24 IST" time="22.949" errors="0">
  <testcase name="launch1" time="17.624" classname="lab6.lab6_2"/>
  <system-out/>
  <testcase name="admin" time="5.325" classname="lab6.lab6_2"/>
  <system-out/>
</testsuite> <!-- lab6.lab6_2 -->
